*** Start analyzing build configuration ***
INFO: Auto-config - Scanning: /home/workspace/4004/src
INFO: Auto-config - VLOG: /home/workspace/4004/src
INFO: Auto-config - Wrote:
    .dvt/default.build.auto.1
*** List of included argument files ***
    Build configuration file:  /home/workspace/4004/src/.dvt/default.build
    -f /home/workspace/4004/src/.dvt/default.build.auto.1
*** List of invocations ***
Invocation #1 +dvt_init+dvt in /home/workspace/4004/src/.dvt/default.build.auto.1 at line 9
*** Done analyzing build configuration [312 ms] ***

*** Start SystemVerilog build ***
*** Invocation #1***
Loading (1) /home/workspace/4004/src/rtl/regFiles.v ...
Done /home/workspace/4004/src/rtl/regFiles.v [134 ms, 96 lines, Verilog_2001] ...
Loading (2) /home/workspace/4004/src/rtl/ALU.v ...
Done /home/workspace/4004/src/rtl/ALU.v [50 ms, 125 lines, Verilog_2001] ...
Loading (3) /home/workspace/4004/src/rtl/IF.v ...
Done /home/workspace/4004/src/rtl/IF.v [32 ms, 62 lines, Verilog_2001] ...
Loading (4) /home/workspace/4004/src/rtl/top.v ...
Done /home/workspace/4004/src/rtl/top.v [76 ms, 307 lines, Verilog_2001] ...
Loading (5) /home/workspace/4004/src/include/define.vh ...
Done /home/workspace/4004/src/include/define.vh [1 ms, 122 lines, Verilog_2001] ...
Loading (6) /home/workspace/4004/src/rtl/gen_phase.v ...
Done /home/workspace/4004/src/rtl/gen_phase.v [11 ms, 45 lines, Verilog_2001] ...
Loading (7) /home/workspace/4004/src/rtl/decoder.v ...
Done /home/workspace/4004/src/rtl/decoder.v [100 ms, 486 lines, Verilog_2001] ...
*** Done invocation #1 [411 ms] ***
*** Done parsing [LT 393 ms, PT 411 ms] ***
*** Total number of lines [1 243] ***
Performing post full build actions ...
Performing post full build step 1 (SRI) [3 ms] ...
Performing post full build step 2 (RI) [1 ms] ...
Performing post full build step 3 (RCP) [0 ms] ...
*** Files summary [7 total, 7 unique, 0 optimized] ***
*** Done SystemVerilog build [618 ms] ***

*** Start mixed mode extension build ***
Performing mixed post full build step (VLOG - RI) [3 ms] ...
*** Warning: UNSPECIFIED_TOP: Please specify a -top module/entity/configuration in the project build file
*** Top design candidates: work.top
Performing mixed post full build step (MIXED - ELAB) [1156 ms] ...
Performing mixed post full build step (MIXED - UNEL) [64 ms] ...
Performing mixed post full build step (VLOG - RD) [3 ms] ...
Performing mixed post full build step (VLOG - US) [361 ms] ...
*** Warning: OUTPUT_PORT_READ: Reading from output port 'rn' is not recommended
    at line 58 in /home/workspace/4004/src/rtl/regFiles.v:58 [compile index 1]
*** Warning: OUTPUT_PORT_READ: Reading from output port 'cy_next' is not recommended
    at line 82 in /home/workspace/4004/src/rtl/ALU.v:82 [compile index 2]
*** Warning: OUTPUT_PORT_READ: Reading from output port 'pc' is not recommended
    at line 34 in /home/workspace/4004/src/rtl/IF.v:34 [compile index 3]
*** Warning: OUTPUT_PORT_READ: Reading from output port 'pc_plus_one' is not recommended
    at line 49 in /home/workspace/4004/src/rtl/IF.v:49 [compile index 3]
*** Warning: OUTPUT_PORT_READ: Reading from output port 'pc' is not recommended
    at line 50 in /home/workspace/4004/src/rtl/IF.v:50 [compile index 3]
*** Warning: INTERNAL_GENERATED_CLOCK: Clock signal 'CLK' is not an input port
    at line 28 in /home/workspace/4004/src/rtl/top.v:28 [compile index 4]
*** Warning: INTERNAL_GENERATED_RESET: Reset signal 'RES_N' is not an input port
    at line 29 in /home/workspace/4004/src/rtl/top.v:29 [compile index 4]
*** Warning: INTERNAL_GENERATED_CLOCK: Clock signal 'CLK' is not an input port
    at line 98 in /home/workspace/4004/src/rtl/top.v:98 [compile index 4]
*** Warning: INTERNAL_GENERATED_RESET: Reset signal 'RES_N' is not an input port
    at line 99 in /home/workspace/4004/src/rtl/top.v:99 [compile index 4]
*** Warning: INTERNAL_GENERATED_CLOCK: Clock signal 'CLK' is not an input port
    at line 111 in /home/workspace/4004/src/rtl/top.v:111 [compile index 4]
*** Warning: INTERNAL_GENERATED_RESET: Reset signal 'RES_N' is not an input port
    at line 112 in /home/workspace/4004/src/rtl/top.v:112 [compile index 4]
*** Done mixed mode extension build [1s.671ms] ***
*** Total build time [2s.848ms] ***
